This is pdfTeX, Version 3.14159265-2.6-1.40.21 (TeX Live 2020/Debian) (preloaded format=pdflatex 2021.8.18)  7 OCT 2022 15:48
entering extended mode
 restricted \write18 enabled.
 %&-line parsing enabled.
**newcomers
(./newcomers.tex
LaTeX2e <2020-10-01> patch level 4
L3 programming layer <2021-01-09> xparse <2020-03-03>
(/usr/share/texlive/texmf-dist/tex/latex/base/article.cls
Document Class: article 2020/04/10 v1.4m Standard LaTeX document class
(/usr/share/texlive/texmf-dist/tex/latex/base/size10.clo
File: size10.clo 2020/04/10 v1.4m Standard LaTeX file (size option)
)
\c@part=\count177
\c@section=\count178
\c@subsection=\count179
\c@subsubsection=\count180
\c@paragraph=\count181
\c@subparagraph=\count182
\c@figure=\count183
\c@table=\count184
\abovecaptionskip=\skip47
\belowcaptionskip=\skip48
\bibindent=\dimen138
)
(/usr/share/texlive/texmf-dist/tex/latex/listings/listings.sty
(/usr/share/texlive/texmf-dist/tex/latex/graphics/keyval.sty
Package: keyval 2014/10/28 v1.15 key=value parser (DPC)
\KV@toks@=\toks15
)
\lst@mode=\count185
\lst@gtempboxa=\box47
\lst@token=\toks16
\lst@length=\count186
\lst@currlwidth=\dimen139
\lst@column=\count187
\lst@pos=\count188
\lst@lostspace=\dimen140
\lst@width=\dimen141
\lst@newlines=\count189
\lst@lineno=\count190
\lst@maxwidth=\dimen142

(/usr/share/texlive/texmf-dist/tex/latex/listings/lstmisc.sty
File: lstmisc.sty 2020/03/24 1.8d (Carsten Heinz)
\c@lstnumber=\count191
\lst@skipnumbers=\count192
\lst@framebox=\box48
)
(/usr/share/texlive/texmf-dist/tex/latex/listings/listings.cfg
File: listings.cfg 2020/03/24 1.8d listings configuration
))
Package: listings 2020/03/24 1.8d (Carsten Heinz)

(/usr/share/texlive/texmf-dist/tex/latex/base/textcomp.sty
Package: textcomp 2020/02/02 v2.0n Standard LaTeX package
)
(/usr/share/texlive/texmf-dist/tex/latex/base/inputenc.sty
Package: inputenc 2020/08/01 v1.3d Input encoding file
\inpenc@prehook=\toks17
\inpenc@posthook=\toks18
)
(../latex-votut/votutorial.sty
(/usr/share/texlive/texmf-dist/tex/latex/graphics/graphicx.sty
Package: graphicx 2020/09/09 v1.2b Enhanced LaTeX Graphics (DPC,SPQR)

(/usr/share/texlive/texmf-dist/tex/latex/graphics/graphics.sty
Package: graphics 2020/08/30 v1.4c Standard LaTeX Graphics (DPC,SPQR)

(/usr/share/texlive/texmf-dist/tex/latex/graphics/trig.sty
Package: trig 2016/01/03 v1.10 sin cos tan (DPC)
)
(/usr/share/texlive/texmf-dist/tex/latex/graphics-cfg/graphics.cfg
File: graphics.cfg 2016/06/04 v1.11 sample graphics configuration
)
Package graphics Info: Driver file: pdftex.def on input line 105.

(/usr/share/texlive/texmf-dist/tex/latex/graphics-def/pdftex.def
File: pdftex.def 2020/10/05 v1.2a Graphics/color driver for pdftex
))
\Gin@req@height=\dimen143
\Gin@req@width=\dimen144
)
(/usr/share/texlive/texmf-dist/tex/latex/xcolor/xcolor.sty
Package: xcolor 2016/05/11 v2.12 LaTeX color extensions (UK)

(/usr/share/texlive/texmf-dist/tex/latex/graphics-cfg/color.cfg
File: color.cfg 2016/01/02 v1.6 sample color configuration
)
Package xcolor Info: Driver file: pdftex.def on input line 225.
Package xcolor Info: Model `cmy' substituted by `cmy0' on input line 1348.
Package xcolor Info: Model `hsb' substituted by `rgb' on input line 1352.
Package xcolor Info: Model `RGB' extended on input line 1364.
Package xcolor Info: Model `HTML' substituted by `rgb' on input line 1366.
Package xcolor Info: Model `Hsb' substituted by `hsb' on input line 1367.
Package xcolor Info: Model `tHsb' substituted by `hsb' on input line 1368.
Package xcolor Info: Model `HSB' substituted by `hsb' on input line 1369.
Package xcolor Info: Model `Gray' substituted by `gray' on input line 1370.
Package xcolor Info: Model `wave' substituted by `hsb' on input line 1371.
)
(/usr/share/texlive/texmf-dist/tex/latex/sectsty/sectsty.sty
Package: sectsty 2002/02/25 v2.0.2 Commands to change all sectional heading sty
les


LaTeX Warning: Command \underbar  has changed.
               Check if current package is valid.


LaTeX Warning: Command \underline  has changed.
               Check if current package is valid.

) (/usr/share/texlive/texmf-dist/tex/latex/natbib/natbib.sty
Package: natbib 2010/09/13 8.31b (PWD, AO)
\bibhang=\skip49
\bibsep=\skip50
LaTeX Info: Redefining \cite on input line 694.
\c@NAT@ctr=\count193
)
(/usr/share/texlive/texmf-dist/tex/latex/framed/framed.sty
Package: framed 2011/10/22 v 0.96: framed or shaded text with page breaks
\OuterFrameSep=\skip51
\fb@frw=\dimen145
\fb@frh=\dimen146
\FrameRule=\dimen147
\FrameSep=\dimen148
)
(/usr/share/texlive/texmf-dist/tex/latex/mdwtools/mdwlist.sty
Package: mdwlist 1996/05/02 1.1 Various list-related things
)
(/usr/share/texlive/texmf-dist/tex/generic/xstring/xstring.sty
(/usr/share/texlive/texmf-dist/tex/generic/xstring/xstring.tex
\integerpart=\count194
\decimalpart=\count195
)
Package: xstring 2019/02/06 v1.83 String manipulations (CT)
)
(/usr/share/texlive/texmf-dist/tex/latex/fancyhdr/fancyhdr.sty
Package: fancyhdr 2021/01/04 v4.0 Extensive control of page headers and footers

\f@nch@headwidth=\skip52
\f@nch@O@elh=\skip53
\f@nch@O@erh=\skip54
\f@nch@O@olh=\skip55
\f@nch@O@orh=\skip56
\f@nch@O@elf=\skip57
\f@nch@O@erf=\skip58
\f@nch@O@olf=\skip59
\f@nch@O@orf=\skip60
)
(/usr/share/texlive/texmf-dist/tex/latex/titling/titling.sty
Package: titling 2009/09/04 v2.1d maketitle typesetting
\thanksmarkwidth=\skip61
\thanksmargin=\skip62
\droptitle=\skip63
)
(/usr/share/texlive/texmf-dist/tex/latex/base/ifthen.sty
Package: ifthen 2014/09/29 v1.1c Standard LaTeX ifthen package (DPC)
)
(/usr/share/texlive/texmf-dist/tex/latex/upquote/upquote.sty
Package: upquote 2012/04/19 v1.3 upright-quote and grave-accent glyphs in verba
tim
)
(/usr/share/texlive/texmf-dist/tex/latex/psnfss/helvet.sty
Package: helvet 2020/03/25 PSNFSS-v9.3 (WaS) 
)
(/usr/share/texlive/texmf-dist/tex/latex/hyperref/hyperref.sty
Package: hyperref 2020-05-15 v7.00e Hypertext links for LaTeX

(/usr/share/texlive/texmf-dist/tex/generic/ltxcmds/ltxcmds.sty
Package: ltxcmds 2020-05-10 v1.25 LaTeX kernel commands for general use (HO)
)
(/usr/share/texlive/texmf-dist/tex/generic/iftex/iftex.sty
Package: iftex 2020/03/06 v1.0d TeX engine tests
)
(/usr/share/texlive/texmf-dist/tex/generic/pdftexcmds/pdftexcmds.sty
Package: pdftexcmds 2020-06-27 v0.33 Utility functions of pdfTeX for LuaTeX (HO
)

(/usr/share/texlive/texmf-dist/tex/generic/infwarerr/infwarerr.sty
Package: infwarerr 2019/12/03 v1.5 Providing info/warning/error messages (HO)
)
Package pdftexcmds Info: \pdf@primitive is available.
Package pdftexcmds Info: \pdf@ifprimitive is available.
Package pdftexcmds Info: \pdfdraftmode found.
)
(/usr/share/texlive/texmf-dist/tex/generic/kvsetkeys/kvsetkeys.sty
Package: kvsetkeys 2019/12/15 v1.18 Key value parser (HO)
)
(/usr/share/texlive/texmf-dist/tex/generic/kvdefinekeys/kvdefinekeys.sty
Package: kvdefinekeys 2019-12-19 v1.6 Define keys (HO)
)
(/usr/share/texlive/texmf-dist/tex/generic/pdfescape/pdfescape.sty
Package: pdfescape 2019/12/09 v1.15 Implements pdfTeX's escape features (HO)
)
(/usr/share/texlive/texmf-dist/tex/latex/hycolor/hycolor.sty
Package: hycolor 2020-01-27 v1.10 Color options for hyperref/bookmark (HO)
)
(/usr/share/texlive/texmf-dist/tex/latex/letltxmacro/letltxmacro.sty
Package: letltxmacro 2019/12/03 v1.6 Let assignment for LaTeX macros (HO)
)
(/usr/share/texlive/texmf-dist/tex/latex/auxhook/auxhook.sty
Package: auxhook 2019-12-17 v1.6 Hooks for auxiliary files (HO)
)
(/usr/share/texlive/texmf-dist/tex/latex/kvoptions/kvoptions.sty
Package: kvoptions 2020-10-07 v3.14 Key value format for package options (HO)
)
\@linkdim=\dimen149
\Hy@linkcounter=\count196
\Hy@pagecounter=\count197

(/usr/share/texlive/texmf-dist/tex/latex/hyperref/pd1enc.def
File: pd1enc.def 2020-05-15 v7.00e Hyperref: PDFDocEncoding definition (HO)
Now handling font encoding PD1 ...
... no UTF-8 mapping file for font encoding PD1
)
(/usr/share/texlive/texmf-dist/tex/generic/intcalc/intcalc.sty
Package: intcalc 2019/12/15 v1.3 Expandable calculations with integers (HO)
)
(/usr/share/texlive/texmf-dist/tex/generic/etexcmds/etexcmds.sty
Package: etexcmds 2019/12/15 v1.7 Avoid name clashes with e-TeX commands (HO)
)
\Hy@SavedSpaceFactor=\count198
Package hyperref Info: Option `colorlinks' set `true' on input line 4338.
Package hyperref Info: Option `breaklinks' set `true' on input line 4338.
Package hyperref Info: Hyper figures OFF on input line 4464.
Package hyperref Info: Link nesting OFF on input line 4469.
Package hyperref Info: Hyper index ON on input line 4472.
Package hyperref Info: Plain pages OFF on input line 4479.
Package hyperref Info: Backreferencing OFF on input line 4484.
Package hyperref Info: Implicit mode ON; LaTeX internals redefined.
Package hyperref Info: Bookmarks ON on input line 4717.
\c@Hy@tempcnt=\count199

(/usr/share/texlive/texmf-dist/tex/latex/url/url.sty
\Urlmuskip=\muskip16
Package: url 2013/09/16  ver 3.4  Verb mode for urls, etc.
)
LaTeX Info: Redefining \url on input line 5076.
\XeTeXLinkMargin=\dimen150

(/usr/share/texlive/texmf-dist/tex/generic/bitset/bitset.sty
Package: bitset 2019/12/09 v1.3 Handle bit-vector datatype (HO)

(/usr/share/texlive/texmf-dist/tex/generic/bigintcalc/bigintcalc.sty
Package: bigintcalc 2019/12/15 v1.5 Expandable calculations on big integers (HO
)
))
\Fld@menulength=\count266
\Field@Width=\dimen151
\Fld@charsize=\dimen152
Package hyperref Info: Hyper figures OFF on input line 6347.
Package hyperref Info: Link nesting OFF on input line 6352.
Package hyperref Info: Hyper index ON on input line 6355.
Package hyperref Info: backreferencing OFF on input line 6362.
Package hyperref Info: Link coloring ON on input line 6365.
Package hyperref Info: Link coloring with OCG OFF on input line 6372.
Package hyperref Info: PDF/A mode OFF on input line 6377.
LaTeX Info: Redefining \ref on input line 6417.
LaTeX Info: Redefining \pageref on input line 6421.

(/usr/share/texlive/texmf-dist/tex/latex/base/atbegshi-ltx.sty
Package: atbegshi-ltx 2020/08/17 v1.0a Emulation of the original atbegshi packa
ge
with kernel methods
)
\Hy@abspage=\count267
\c@Item=\count268
\c@Hfootnote=\count269
)
Package hyperref Info: Driver (autodetected): hpdftex.

(/usr/share/texlive/texmf-dist/tex/latex/hyperref/hpdftex.def
File: hpdftex.def 2020-05-15 v7.00e Hyperref driver for pdfTeX

(/usr/share/texlive/texmf-dist/tex/latex/base/atveryend-ltx.sty
Package: atveryend-ltx 2020/08/19 v1.0a Emulation of the original atvery packag
e
with kernel methods
)
\Fld@listcount=\count270
\c@bookmark@seq@number=\count271

(/usr/share/texlive/texmf-dist/tex/latex/rerunfilecheck/rerunfilecheck.sty
Package: rerunfilecheck 2019/12/05 v1.9 Rerun checks for auxiliary files (HO)

(/usr/share/texlive/texmf-dist/tex/generic/uniquecounter/uniquecounter.sty
Package: uniquecounter 2019/12/15 v1.4 Provide unlimited unique counter (HO)
)
Package uniquecounter Info: New unique counter `rerunfilecheck' on input line 2
86.
)
\Hy@SectionHShift=\skip64
)
Package hyperref Info: Option `colorlinks' set `true' on input line 86.
\c@tutori@lstep=\count272
\logobox=\box49
)
(./input_standards.tex)
(/usr/share/texlive/texmf-dist/tex/latex/l3backend/l3backend-pdftex.def
File: l3backend-pdftex.def 2020-01-29 L3 backend support: PDF output (pdfTeX)
\l__color_backend_stack_int=\count273
\l__pdf_internal_box=\box50
)
(./newcomers.aux)
\openout1 = `newcomers.aux'.

LaTeX Font Info:    Checking defaults for OML/cmm/m/it on input line 27.
LaTeX Font Info:    ... okay on input line 27.
LaTeX Font Info:    Checking defaults for OMS/cmsy/m/n on input line 27.
LaTeX Font Info:    ... okay on input line 27.
LaTeX Font Info:    Checking defaults for OT1/cmr/m/n on input line 27.
LaTeX Font Info:    ... okay on input line 27.
LaTeX Font Info:    Checking defaults for T1/cmr/m/n on input line 27.
LaTeX Font Info:    ... okay on input line 27.
LaTeX Font Info:    Checking defaults for TS1/cmr/m/n on input line 27.
LaTeX Font Info:    ... okay on input line 27.
LaTeX Font Info:    Checking defaults for OMX/cmex/m/n on input line 27.
LaTeX Font Info:    ... okay on input line 27.
LaTeX Font Info:    Checking defaults for U/cmr/m/n on input line 27.
LaTeX Font Info:    ... okay on input line 27.
LaTeX Font Info:    Checking defaults for PD1/pdf/m/n on input line 27.
LaTeX Font Info:    ... okay on input line 27.
\c@lstlisting=\count274

(/usr/share/texlive/texmf-dist/tex/context/base/mkii/supp-pdf.mkii
[Loading MPS to PDF converter (version 2006.09.02).]
\scratchcounter=\count275
\scratchdimen=\dimen153
\scratchbox=\box51
\nofMPsegments=\count276
\nofMParguments=\count277
\everyMPshowfont=\toks19
\MPscratchCnt=\count278
\MPscratchDim=\dimen154
\MPnumerator=\count279
\makeMPintoPDFobject=\count280
\everyMPtoPDFconversion=\toks20
) (/usr/share/texlive/texmf-dist/tex/latex/epstopdf-pkg/epstopdf-base.sty
Package: epstopdf-base 2020-01-24 v2.11 Base part for package epstopdf

(/usr/share/texlive/texmf-dist/tex/latex/grfext/grfext.sty
Package: grfext 2019/12/03 v1.3 Manage graphics extensions (HO)
)
Package epstopdf-base Info: Redefining graphics rule for `.eps' on input line 4
85.
Package grfext Info: Graphics extension search list:
(grfext)             [.pdf,.png,.jpg,.mps,.jpeg,.jbig2,.jb2,.PDF,.PNG,.JPG,.JPE
G,.JBIG2,.JB2,.eps]
(grfext)             \AppendGraphicsExtensions on input line 504.

(/usr/share/texlive/texmf-dist/tex/latex/latexconfig/epstopdf-sys.cfg
File: epstopdf-sys.cfg 2010/07/13 v1.3 Configuration of (r)epstopdf for TeX Liv
e
))
Package hyperref Info: Link coloring ON on input line 27.

(/usr/share/texlive/texmf-dist/tex/latex/hyperref/nameref.sty
Package: nameref 2019/09/16 v2.46 Cross-referencing by name of section

(/usr/share/texlive/texmf-dist/tex/latex/refcount/refcount.sty
Package: refcount 2019/12/15 v3.6 Data extraction from label references (HO)
)
(/usr/share/texlive/texmf-dist/tex/generic/gettitlestring/gettitlestring.sty
Package: gettitlestring 2019/12/15 v1.6 Cleanup title references (HO)
)
\c@section@level=\count281
)
LaTeX Info: Redefining \ref on input line 27.
LaTeX Info: Redefining \pageref on input line 27.
LaTeX Info: Redefining \nameref on input line 27.

(./newcomers.out) (./newcomers.out)
\@outlinefile=\write3
\openout3 = `newcomers.out'.

LaTeX Font Info:    Trying to load font information for OT1+phv on input line 3
0.

(/usr/share/texlive/texmf-dist/tex/latex/psnfss/ot1phv.fd
File: ot1phv.fd 2020/03/25 scalable font definitions for OT1/phv.
)
LaTeX Font Info:    Font shape `OT1/phv/m/n' will be
(Font)              scaled to size 15.89755pt on input line 30.
<title-aladin.png, id=40, 279.2031pt x 185.0112pt>
File: title-aladin.png Graphic file (type png)
<use title-aladin.png>
Package pdftex.def Info: title-aladin.png  used on input line 30.
(pdftex.def)             Requested size: 276.00105pt x 182.8991pt.
LaTeX Font Info:    External font `cmex10' loaded for size
(Font)              <12> on input line 30.
LaTeX Font Info:    External font `cmex10' loaded for size
(Font)              <8> on input line 30.
LaTeX Font Info:    External font `cmex10' loaded for size
(Font)              <6> on input line 30.

Underfull \vbox (badness 10000) has occurred while \output is active []

 [1

{/var/lib/texmf/fonts/map/pdftex/updmap/pdftex.map} <./title-aladin.png>]
LaTeX Font Info:    Font shape `OT1/phv/m/n' will be
(Font)              scaled to size 9.19998pt on input line 32.
LaTeX Font Info:    Font shape `OT1/phv/m/n' will be
(Font)              scaled to size 11.03998pt on input line 32.
LaTeX Font Info:    Font shape `OT1/phv/b/n' will be
(Font)              scaled to size 11.03998pt on input line 32.
LaTeX Font Info:    External font `cmex10' loaded for size
(Font)              <7> on input line 54.
LaTeX Font Info:    External font `cmex10' loaded for size
(Font)              <5> on input line 54.
LaTeX Font Info:    Font shape `OT1/phv/b/n' will be
(Font)              scaled to size 13.24796pt on input line 59.
<ivoa-escape-logo-hdr.png, id=59, 68.8974pt x 24.3309pt>
File: ivoa-escape-logo-hdr.png Graphic file (type png)
<use ivoa-escape-logo-hdr.png>
Package pdftex.def Info: ivoa-escape-logo-hdr.png  used on input line 90.
(pdftex.def)             Requested size: 56.63498pt x 20.00003pt.
 [2 <../latex-votut/ivoa-escape-logo-hdr.png>]
LaTeX Font Info:    Font shape `OT1/phv/m/n' will be
(Font)              scaled to size 8.27998pt on input line 104.
LaTeX Font Info:    Font shape `OT1/phv/b/n' will be
(Font)              scaled to size 8.27998pt on input line 104.
LaTeX Font Info:    Font shape `OT1/phv/b/n' will be
(Font)              scaled to size 9.19998pt on input line 115.
File: ivoa-escape-logo-hdr.png Graphic file (type png)
<use ivoa-escape-logo-hdr.png>
Package pdftex.def Info: ivoa-escape-logo-hdr.png  used on input line 141.
(pdftex.def)             Requested size: 56.63498pt x 20.00003pt.
 [3]
File: ivoa-escape-logo-hdr.png Graphic file (type png)
<use ivoa-escape-logo-hdr.png>
Package pdftex.def Info: ivoa-escape-logo-hdr.png  used on input line 175.
(pdftex.def)             Requested size: 56.63498pt x 20.00003pt.
 [4]
LaTeX Font Info:    Trying to load font information for TS1+cmtt on input line 
207.

(/usr/share/texlive/texmf-dist/tex/latex/base/ts1cmtt.fd
File: ts1cmtt.fd 2019/12/16 v2.5j Standard LaTeX font definitions
)
File: ivoa-escape-logo-hdr.png Graphic file (type png)
<use ivoa-escape-logo-hdr.png>
Package pdftex.def Info: ivoa-escape-logo-hdr.png  used on input line 245.
(pdftex.def)             Requested size: 56.63498pt x 20.00003pt.
 [5]
File: ivoa-escape-logo-hdr.png Graphic file (type png)
<use ivoa-escape-logo-hdr.png>
Package pdftex.def Info: ivoa-escape-logo-hdr.png  used on input line 285.
(pdftex.def)             Requested size: 56.63498pt x 20.00003pt.
 [6]
File: ivoa-escape-logo-hdr.png Graphic file (type png)
<use ivoa-escape-logo-hdr.png>
Package pdftex.def Info: ivoa-escape-logo-hdr.png  used on input line 304.
(pdftex.def)             Requested size: 56.63498pt x 20.00003pt.
 [7]
File: ivoa-escape-logo-hdr.png Graphic file (type png)
<use ivoa-escape-logo-hdr.png>
Package pdftex.def Info: ivoa-escape-logo-hdr.png  used on input line 358.
(pdftex.def)             Requested size: 56.63498pt x 20.00003pt.
 [8]
File: ivoa-escape-logo-hdr.png Graphic file (type png)
<use ivoa-escape-logo-hdr.png>
Package pdftex.def Info: ivoa-escape-logo-hdr.png  used on input line 411.
(pdftex.def)             Requested size: 56.63498pt x 20.00003pt.

[9]
File: ivoa-escape-logo-hdr.png Graphic file (type png)
<use ivoa-escape-logo-hdr.png>
Package pdftex.def Info: ivoa-escape-logo-hdr.png  used on input line 457.
(pdftex.def)             Requested size: 56.63498pt x 20.00003pt.
 [10]
File: ivoa-escape-logo-hdr.png Graphic file (type png)
<use ivoa-escape-logo-hdr.png>
Package pdftex.def Info: ivoa-escape-logo-hdr.png  used on input line 482.
(pdftex.def)             Requested size: 56.63498pt x 20.00003pt.
 [11]
File: ivoa-escape-logo-hdr.png Graphic file (type png)
<use ivoa-escape-logo-hdr.png>
Package pdftex.def Info: ivoa-escape-logo-hdr.png  used on input line 509.
(pdftex.def)             Requested size: 56.63498pt x 20.00003pt.
 [12]
File: ivoa-escape-logo-hdr.png Graphic file (type png)
<use ivoa-escape-logo-hdr.png>
Package pdftex.def Info: ivoa-escape-logo-hdr.png  used on input line 524.
(pdftex.def)             Requested size: 56.63498pt x 20.00003pt.
 [13]
File: ivoa-escape-logo-hdr.png Graphic file (type png)
<use ivoa-escape-logo-hdr.png>
Package pdftex.def Info: ivoa-escape-logo-hdr.png  used on input line 537.
(pdftex.def)             Requested size: 56.63498pt x 20.00003pt.
 [14] (./glossary/inc_entries.tex
File: ivoa-escape-logo-hdr.png Graphic file (type png)
<use ivoa-escape-logo-hdr.png>
Package pdftex.def Info: ivoa-escape-logo-hdr.png  used on input line 16.
(pdftex.def)             Requested size: 56.63498pt x 20.00003pt.
 [15]
File: ivoa-escape-logo-hdr.png Graphic file (type png)
<use ivoa-escape-logo-hdr.png>
Package pdftex.def Info: ivoa-escape-logo-hdr.png  used on input line 35.
(pdftex.def)             Requested size: 56.63498pt x 20.00003pt.
 [16]
File: ivoa-escape-logo-hdr.png Graphic file (type png)
<use ivoa-escape-logo-hdr.png>
Package pdftex.def Info: ivoa-escape-logo-hdr.png  used on input line 51.
(pdftex.def)             Requested size: 56.63498pt x 20.00003pt.
 [17]
File: ivoa-escape-logo-hdr.png Graphic file (type png)
<use ivoa-escape-logo-hdr.png>
Package pdftex.def Info: ivoa-escape-logo-hdr.png  used on input line 70.
(pdftex.def)             Requested size: 56.63498pt x 20.00003pt.

[18]
File: ivoa-escape-logo-hdr.png Graphic file (type png)
<use ivoa-escape-logo-hdr.png>
Package pdftex.def Info: ivoa-escape-logo-hdr.png  used on input line 93.
(pdftex.def)             Requested size: 56.63498pt x 20.00003pt.
 [19]
File: ivoa-escape-logo-hdr.png Graphic file (type png)
<use ivoa-escape-logo-hdr.png>
Package pdftex.def Info: ivoa-escape-logo-hdr.png  used on input line 110.
(pdftex.def)             Requested size: 56.63498pt x 20.00003pt.
 [20]
Overfull \hbox (11.80405pt too wide) in paragraph at lines 113--114
[]\OT1/cmr/m/n/10 MySQL : []An open source SQL re-la-tional database man-age-me
nt sys-tem (RDBMS). 
 []

File: ivoa-escape-logo-hdr.png Graphic file (type png)
<use ivoa-escape-logo-hdr.png>
Package pdftex.def Info: ivoa-escape-logo-hdr.png  used on input line 127.
(pdftex.def)             Requested size: 56.63498pt x 20.00003pt.
[21]
File: ivoa-escape-logo-hdr.png Graphic file (type png)
<use ivoa-escape-logo-hdr.png>
Package pdftex.def Info: ivoa-escape-logo-hdr.png  used on input line 145.
(pdftex.def)             Requested size: 56.63498pt x 20.00003pt.
 [22]
File: ivoa-escape-logo-hdr.png Graphic file (type png)
<use ivoa-escape-logo-hdr.png>
Package pdftex.def Info: ivoa-escape-logo-hdr.png  used on input line 163.
(pdftex.def)             Requested size: 56.63498pt x 20.00003pt.
 [23]
File: ivoa-escape-logo-hdr.png Graphic file (type png)
<use ivoa-escape-logo-hdr.png>
Package pdftex.def Info: ivoa-escape-logo-hdr.png  used on input line 179.
(pdftex.def)             Requested size: 56.63498pt x 20.00003pt.
 [24]
File: ivoa-escape-logo-hdr.png Graphic file (type png)
<use ivoa-escape-logo-hdr.png>
Package pdftex.def Info: ivoa-escape-logo-hdr.png  used on input line 197.
(pdftex.def)             Requested size: 56.63498pt x 20.00003pt.
 [25]
File: ivoa-escape-logo-hdr.png Graphic file (type png)
<use ivoa-escape-logo-hdr.png>
Package pdftex.def Info: ivoa-escape-logo-hdr.png  used on input line 212.
(pdftex.def)             Requested size: 56.63498pt x 20.00003pt.
 [26]
File: ivoa-escape-logo-hdr.png Graphic file (type png)
<use ivoa-escape-logo-hdr.png>
Package pdftex.def Info: ivoa-escape-logo-hdr.png  used on input line 226.
(pdftex.def)             Requested size: 56.63498pt x 20.00003pt.
 [27]
File: ivoa-escape-logo-hdr.png Graphic file (type png)
<use ivoa-escape-logo-hdr.png>
Package pdftex.def Info: ivoa-escape-logo-hdr.png  used on input line 241.
(pdftex.def)             Requested size: 56.63498pt x 20.00003pt.
 [28]
File: ivoa-escape-logo-hdr.png Graphic file (type png)
<use ivoa-escape-logo-hdr.png>
Package pdftex.def Info: ivoa-escape-logo-hdr.png  used on input line 258.
(pdftex.def)             Requested size: 56.63498pt x 20.00003pt.
 [29])
File: ivoa-escape-logo-hdr.png Graphic file (type png)
<use ivoa-escape-logo-hdr.png>
Package pdftex.def Info: ivoa-escape-logo-hdr.png  used on input line 594.
(pdftex.def)             Requested size: 56.63498pt x 20.00003pt.
 [30] (./newcomers.aux)
Package rerunfilecheck Info: File `newcomers.out' has not changed.
(rerunfilecheck)             Checksum: B570F14E87720CC09208F3ACF41BE2A4;432.
 ) 
Here is how much of TeX's memory you used:
 8817 strings out of 479304
 128352 string characters out of 5869779
 544368 words of memory out of 5000000
 25748 multiletter control sequences out of 15000+600000
 420193 words of font info for 62 fonts, out of 8000000 for 9000
 1141 hyphenation exceptions out of 8191
 86i,16n,88p,568b,1863s stack positions out of 5000i,500n,10000p,200000b,80000s
{/usr/share/texmf/fonts/enc/dvips/cm-super/cm-super-ts1.enc}{/usr/share/texli
ve/texmf-dist/fonts/enc/dvips/base/8r.enc}</usr/share/texlive/texmf-dist/fonts/
type1/public/amsfonts/cm/cmbx10.pfb></usr/share/texlive/texmf-dist/fonts/type1/
public/amsfonts/cm/cmbx12.pfb></usr/share/texlive/texmf-dist/fonts/type1/public
/amsfonts/cm/cmcsc10.pfb></usr/share/texlive/texmf-dist/fonts/type1/public/amsf
onts/cm/cmmi10.pfb></usr/share/texlive/texmf-dist/fonts/type1/public/amsfonts/c
m/cmr10.pfb></usr/share/texlive/texmf-dist/fonts/type1/public/amsfonts/cm/cmr12
.pfb></usr/share/texlive/texmf-dist/fonts/type1/public/amsfonts/cm/cmr9.pfb></u
sr/share/texlive/texmf-dist/fonts/type1/public/amsfonts/cm/cmsy10.pfb></usr/sha
re/texlive/texmf-dist/fonts/type1/public/amsfonts/cm/cmti10.pfb></usr/share/tex
live/texmf-dist/fonts/type1/public/amsfonts/cm/cmti9.pfb></usr/share/texlive/te
xmf-dist/fonts/type1/public/amsfonts/cm/cmtt10.pfb></usr/share/texmf/fonts/type
1/public/cm-super/sfrm1000.pfb></usr/share/texmf/fonts/type1/public/cm-super/sf
tt1000.pfb></usr/share/texlive/texmf-dist/fonts/type1/urw/helvetic/uhvb8a.pfb><
/usr/share/texlive/texmf-dist/fonts/type1/urw/helvetic/uhvr8a.pfb>
Output written on newcomers.pdf (30 pages, 916849 bytes).
PDF statistics:
 349 PDF objects out of 1000 (max. 8388607)
 295 compressed objects within 3 object streams
 92 named destinations out of 1000 (max. 500000)
 83 words of extra memory for PDF output out of 10000 (max. 10000000)

